kotlin version: 2.0.0
error message: org.jetbrains.kotlin.backend.common.BackendException: Backend Internal error: Exception during IR lowering
File being compiled: C:/Users/Martin/AndroidStudioProjects/RealEstate/app/listing/list/presentation/src/main/java/dev/martincaux/listing/list/presentation/ListScreen.kt
The root cause java.lang.RuntimeException was thrown at: org.jetbrains.kotlin.backend.jvm.codegen.FunctionCodegen.generate(FunctionCodegen.kt:50)
	at org.jetbrains.kotlin.backend.common.CodegenUtil.reportBackendException(CodegenUtil.kt:253)
	at org.jetbrains.kotlin.backend.common.CodegenUtil.reportBackendException$default(CodegenUtil.kt:236)
	at org.jetbrains.kotlin.backend.common.phaser.PerformByIrFilePhase.invokeSequential(performByIrFile.kt:65)
	at org.jetbrains.kotlin.backend.common.phaser.PerformByIrFilePhase.invoke(performByIrFile.kt:52)
	at org.jetbrains.kotlin.backend.common.phaser.PerformByIrFilePhase.invoke(performByIrFile.kt:38)
	at org.jetbrains.kotlin.backend.common.phaser.NamedCompilerPhase.phaseBody(CompilerPhase.kt:166)
	at org.jetbrains.kotlin.backend.common.phaser.AbstractNamedCompilerPhase.invoke(CompilerPhase.kt:113)
	at org.jetbrains.kotlin.backend.common.phaser.CompositePhase.invoke(PhaseBuilders.kt:29)
	at org.jetbrains.kotlin.backend.common.phaser.CompositePhase.invoke(PhaseBuilders.kt:16)
	at org.jetbrains.kotlin.backend.common.phaser.NamedCompilerPhase.phaseBody(CompilerPhase.kt:166)
	at org.jetbrains.kotlin.backend.common.phaser.AbstractNamedCompilerPhase.invoke(CompilerPhase.kt:113)
	at org.jetbrains.kotlin.backend.common.phaser.CompilerPhaseKt.invokeToplevel(CompilerPhase.kt:62)
	at org.jetbrains.kotlin.backend.jvm.JvmIrCodegenFactory.invokeCodegen(JvmIrCodegenFactory.kt:371)
	at org.jetbrains.kotlin.codegen.CodegenFactory.generateModule(CodegenFactory.kt:47)
	at org.jetbrains.kotlin.backend.jvm.JvmIrCodegenFactory.generateModuleInFrontendIRMode(JvmIrCodegenFactory.kt:433)
	at org.jetbrains.kotlin.cli.jvm.compiler.pipeline.JvmCompilerPipelineKt.generateCodeFromIr(jvmCompilerPipeline.kt:241)
	at org.jetbrains.kotlin.cli.jvm.compiler.pipeline.JvmCompilerPipelineKt.compileModulesUsingFrontendIrAndLightTree(jvmCompilerPipeline.kt:140)
	at org.jetbrains.kotlin.cli.jvm.K2JVMCompiler.doExecute(K2JVMCompiler.kt:155)
	at org.jetbrains.kotlin.cli.jvm.K2JVMCompiler.doExecute(K2JVMCompiler.kt:50)
	at org.jetbrains.kotlin.cli.common.CLICompiler.execImpl(CLICompiler.kt:104)
	at org.jetbrains.kotlin.cli.common.CLICompiler.execImpl(CLICompiler.kt:48)
	at org.jetbrains.kotlin.cli.common.CLITool.exec(CLITool.kt:101)
	at org.jetbrains.kotlin.incremental.IncrementalJvmCompilerRunner.runCompiler(IncrementalJvmCompilerRunner.kt:453)
	at org.jetbrains.kotlin.incremental.IncrementalJvmCompilerRunner.runCompiler(IncrementalJvmCompilerRunner.kt:62)
	at org.jetbrains.kotlin.incremental.IncrementalCompilerRunner.doCompile(IncrementalCompilerRunner.kt:506)
	at org.jetbrains.kotlin.incremental.IncrementalCompilerRunner.compileImpl(IncrementalCompilerRunner.kt:423)
	at org.jetbrains.kotlin.incremental.IncrementalCompilerRunner.compileNonIncrementally(IncrementalCompilerRunner.kt:301)
	at org.jetbrains.kotlin.incremental.IncrementalCompilerRunner.compile(IncrementalCompilerRunner.kt:129)
	at org.jetbrains.kotlin.daemon.CompileServiceImplBase.execIncrementalCompiler(CompileServiceImpl.kt:676)
	at org.jetbrains.kotlin.daemon.CompileServiceImplBase.access$execIncrementalCompiler(CompileServiceImpl.kt:92)
	at org.jetbrains.kotlin.daemon.CompileServiceImpl.compile(CompileServiceImpl.kt:1661)
	at java.base/jdk.internal.reflect.DirectMethodHandleAccessor.invoke(Unknown Source)
	at java.base/java.lang.reflect.Method.invoke(Unknown Source)
	at java.rmi/sun.rmi.server.UnicastServerRef.dispatch(Unknown Source)
	at java.rmi/sun.rmi.transport.Transport$1.run(Unknown Source)
	at java.rmi/sun.rmi.transport.Transport$1.run(Unknown Source)
	at java.base/java.security.AccessController.doPrivileged(Unknown Source)
	at java.rmi/sun.rmi.transport.Transport.serviceCall(Unknown Source)
	at java.rmi/sun.rmi.transport.tcp.TCPTransport.handleMessages(Unknown Source)
	at java.rmi/sun.rmi.transport.tcp.TCPTransport$ConnectionHandler.run0(Unknown Source)
	at java.rmi/sun.rmi.transport.tcp.TCPTransport$ConnectionHandler.lambda$run$0(Unknown Source)
	at java.base/java.security.AccessController.doPrivileged(Unknown Source)
	at java.rmi/sun.rmi.transport.tcp.TCPTransport$ConnectionHandler.run(Unknown Source)
	at java.base/java.util.concurrent.ThreadPoolExecutor.runWorker(Unknown Source)
	at java.base/java.util.concurrent.ThreadPoolExecutor$Worker.run(Unknown Source)
	at java.base/java.lang.Thread.run(Unknown Source)
Caused by: java.lang.RuntimeException: Exception while generating code for:
FUN name:ListScreen visibility:public modality:FINAL <> (modifier:androidx.compose.ui.Modifier, viewModel:dev.martincaux.listing.list.presentation.ListViewModel, navController:androidx.navigation.NavController) returnType:kotlin.Unit
  annotations:
    Composable
  VALUE_PARAMETER name:modifier index:0 type:androidx.compose.ui.Modifier
  VALUE_PARAMETER name:viewModel index:1 type:dev.martincaux.listing.list.presentation.ListViewModel
  VALUE_PARAMETER name:navController index:2 type:androidx.navigation.NavController
  BLOCK_BODY
    VAR PROPERTY_DELEGATE name:viewState$delegate type:androidx.compose.runtime.State<dev.martincaux.listing.list.presentation.ListViewState> [val]
      TYPE_OP type=androidx.compose.runtime.State<dev.martincaux.listing.list.presentation.ListViewState> origin=IMPLICIT_CAST typeOperand=androidx.compose.runtime.State<dev.martincaux.listing.list.presentation.ListViewState>
        CALL 'public final fun collectAsState$default <T> (context: kotlin.coroutines.CoroutineContext?, $mask0: kotlin.Int, $handler: kotlin.Any?): androidx.compose.runtime.State<T of androidx.compose.runtime.SnapshotStateKt.collectAsState$default> declared in androidx.compose.runtime.SnapshotStateKt' type=androidx.compose.runtime.State<T of androidx.compose.runtime.SnapshotStateKt.collectAsState$default> origin=DEFAULT_DISPATCH_CALL
          <T>: dev.martincaux.listing.list.presentation.ListViewState
          $receiver: CALL 'public final fun <get-viewState> (): kotlinx.coroutines.flow.StateFlow<dev.martincaux.listing.list.presentation.ListViewState> declared in dev.martincaux.listing.list.presentation.ListViewModel' type=kotlinx.coroutines.flow.StateFlow<dev.martincaux.listing.list.presentation.ListViewState> origin=GET_PROPERTY
            $this: GET_VAR 'viewModel: dev.martincaux.listing.list.presentation.ListViewModel declared in dev.martincaux.listing.list.presentation.ListScreenKt.ListScreen' type=dev.martincaux.listing.list.presentation.ListViewModel origin=null
          context: COMPOSITE type=kotlin.coroutines.CoroutineContext? origin=DEFAULT_VALUE
            CONST Null type=kotlin.coroutines.CoroutineContext? value=null
          $mask0: CONST Int type=kotlin.Int value=1
          $handler: CONST Null type=kotlin.Any? value=null
    CALL 'public final fun LaunchedEffect (key1: kotlin.Any?, block: @[ExtensionFunctionType] kotlin.coroutines.SuspendFunction1<kotlinx.coroutines.CoroutineScope, kotlin.Unit>): kotlin.Unit declared in androidx.compose.runtime.EffectsKt' type=kotlin.Unit origin=null
      key1: CONST Boolean type=kotlin.Boolean value=true
      block: BLOCK type=dev.martincaux.listing.list.presentation.ListScreenKt.ListScreen.<no name provided> origin=null
        CLASS SUSPEND_LAMBDA CLASS name:<no name provided> modality:FINAL visibility:public/*package*/ superTypes:[kotlin.coroutines.jvm.internal.SuspendLambda; kotlin.jvm.functions.Function2<kotlinx.coroutines.CoroutineScope, kotlin.coroutines.Continuation<kotlin.Unit>?, kotlin.Any?>]
          $this: VALUE_PARAMETER INSTANCE_RECEIVER name:<this> type:dev.martincaux.listing.list.presentation.ListScreenKt.ListScreen.<no name provided>
          FIELD name:label type:kotlin.Int visibility:public/*package*/
          CONSTRUCTOR SUSPEND_LAMBDA visibility:public/*package*/ <> ($viewModel:dev.martincaux.listing.list.presentation.ListViewModel, $navController:androidx.navigation.NavController, $completion:kotlin.coroutines.Continuation<dev.martincaux.listing.list.presentation.ListScreenKt.ListScreen.<no name provided>>?) returnType:dev.martincaux.listing.list.presentation.ListScreenKt.ListScreen.<no name provided> [primary]
            VALUE_PARAMETER BOUND_VALUE_PARAMETER name:$viewModel index:0 type:dev.martincaux.listing.list.presentation.ListViewModel
            VALUE_PARAMETER BOUND_VALUE_PARAMETER name:$navController index:1 type:androidx.navigation.NavController
            VALUE_PARAMETER name:$completion index:2 type:kotlin.coroutines.Continuation<dev.martincaux.listing.list.presentation.ListScreenKt.ListScreen.<no name provided>>?
            BLOCK_BODY
              SET_FIELD 'FIELD FIELD_FOR_CAPTURED_VALUE name:$viewModel type:dev.martincaux.listing.list.presentation.ListViewModel visibility:public/*package*/ [final]' type=kotlin.Unit origin=INITIALIZER_OF_FIELD_FOR_CAPTURED_VALUE
                receiver: GET_VAR '<this>: dev.martincaux.listing.list.presentation.ListScreenKt.ListScreen.<no name provided> declared in dev.martincaux.listing.list.presentation.ListScreenKt.ListScreen.<no name provided>' type=dev.martincaux.listing.list.presentation.ListScreenKt.ListScreen.<no name provided> origin=null
                value: GET_VAR '$viewModel: dev.martincaux.listing.list.presentation.ListViewModel declared in dev.martincaux.listing.list.presentation.ListScreenKt.ListScreen.<no name provided>.<init>' type=dev.martincaux.listing.list.presentation.ListViewModel origin=null
              SET_FIELD 'FIELD FIELD_FOR_CAPTURED_VALUE name:$navController type:androidx.navigation.NavController visibility:public/*package*/ [final]' type=kotlin.Unit origin=INITIALIZER_OF_FIELD_FOR_CAPTURED_VALUE
                receiver: GET_VAR '<this>: dev.martincaux.listing.list.presentation.ListScreenKt.ListScreen.<no name provided> declared in dev.martincaux.listing.list.presentation.ListScreenKt.ListScreen.<no name provided>' type=dev.martincaux.listing.list.presentation.ListScreenKt.ListScreen.<no name provided> origin=null
                value: GET_VAR '$navController: androidx.navigation.NavController declared in dev.martincaux.listing.list.presentation.ListScreenKt.ListScreen.<no name provided>.<init>' type=androidx.navigation.NavController origin=null
              DELEGATING_CONSTRUCTOR_CALL 'public constructor <init> (arity: kotlin.Int, $completion: kotlin.coroutines.Continuation<kotlin.Any?>?) declared in kotlin.coroutines.jvm.internal.SuspendLambda'
                arity: CONST Int type=kotlin.Int value=2
                $completion: GET_VAR '$completion: kotlin.coroutines.Continuation<dev.martincaux.listing.list.presentation.ListScreenKt.ListScreen.<no name provided>>? declared in dev.martincaux.listing.list.presentation.ListScreenKt.ListScreen.<no name provided>.<init>' type=kotlin.coroutines.Continuation<dev.martincaux.listing.list.presentation.ListScreenKt.ListScreen.<no name provided>>? origin=null
              BLOCK type=kotlin.Unit origin=null
          FUN name:invokeSuspend visibility:public modality:FINAL <> ($this:dev.martincaux.listing.list.presentation.ListScreenKt.ListScreen.<no name provided>, $result:kotlin.Result<kotlin.Any?>) returnType:kotlin.Any?
            overridden:
              protected abstract fun invokeSuspend ($result: kotlin.Result<kotlin.Any?>): kotlin.Any? declared in kotlin.coroutines.jvm.internal.SuspendLambda
            $this: VALUE_PARAMETER INSTANCE_RECEIVER name:<this> type:dev.martincaux.listing.list.presentation.ListScreenKt.ListScreen.<no name provided>
            VALUE_PARAMETER name:$result index:0 type:kotlin.Result<kotlin.Any?>
            BLOCK_BODY
              BLOCK type=kotlin.Nothing origin=null
                CALL 'public abstract fun collect (collector: kotlinx.coroutines.flow.FlowCollector<T of kotlinx.coroutines.flow.SharedFlow>, $completion: kotlin.coroutines.Continuation<kotlin.Nothing>): kotlin.Any? [suspend] declared in kotlinx.coroutines.flow.SharedFlow' type=kotlin.Nothing origin=null
                  $this: CALL 'public final fun <get-navigationEvent> (): kotlinx.coroutines.flow.SharedFlow<kotlin.String> declared in dev.martincaux.listing.list.presentation.ListViewModel' type=kotlinx.coroutines.flow.SharedFlow<kotlin.String> origin=GET_PROPERTY
                    $this: GET_FIELD 'FIELD FIELD_FOR_CAPTURED_VALUE name:$viewModel type:dev.martincaux.listing.list.presentation.ListViewModel visibility:public/*package*/ [final]' type=dev.martincaux.listing.list.presentation.ListViewModel origin=null
                      receiver: GET_VAR '<this>: dev.martincaux.listing.list.presentation.ListScreenKt.ListScreen.<no name provided> declared in dev.martincaux.listing.list.presentation.ListScreenKt.ListScreen.<no name provided>.invokeSuspend' type=dev.martincaux.listing.list.presentation.ListScreenKt.ListScreen.<no name provided> origin=null
                  collector: BLOCK type=dev.martincaux.listing.list.presentation.ListScreenKt.ListScreen.<no name provided>.invokeSuspend.<no name provided><T of dev.martincaux.listing.list.presentation.ListScreenKt.ListScreen.<no name provided>.invokeSuspend.<no name provided>> origin=null
                    CLASS LAMBDA_IMPL CLASS name:<no name provided> modality:FINAL visibility:public/*package*/ superTypes:[@[RawType] kotlinx.coroutines.flow.FlowCollector<T of kotlinx.coroutines.flow.FlowCollector>]
                      $this: VALUE_PARAMETER INSTANCE_RECEIVER name:<this> type:dev.martincaux.listing.list.presentation.ListScreenKt.ListScreen.<no name provided>.invokeSuspend.<no name provided><T of dev.martincaux.listing.list.presentation.ListScreenKt.ListScreen.<no name provided>.invokeSuspend.<no name provided>>
                      TYPE_PARAMETER name:T index:0 variance:in superTypes:[kotlin.Any?] reified:false
                      CONSTRUCTOR GENERATED_MEMBER_IN_CALLABLE_REFERENCE visibility:public/*package*/ <> ($navController:androidx.navigation.NavController) returnType:dev.martincaux.listing.list.presentation.ListScreenKt.ListScreen.<no name provided>.invokeSuspend.<no name provided><T of dev.martincaux.listing.list.presentation.ListScreenKt.ListScreen.<no name provided>.invokeSuspend.<no name provided>> [primary]
                        VALUE_PARAMETER BOUND_VALUE_PARAMETER name:$navController index:0 type:androidx.navigation.NavController
                        BLOCK_BODY
                          SET_FIELD 'FIELD FIELD_FOR_CAPTURED_VALUE name:$navController type:androidx.navigation.NavController visibility:public/*package*/ [final]' type=kotlin.Unit origin=INITIALIZER_OF_FIELD_FOR_CAPTURED_VALUE
                            receiver: GET_VAR '<this>: dev.martincaux.listing.list.presentation.ListScreenKt.ListScreen.<no name provided>.invokeSuspend.<no name provided><T of dev.martincaux.listing.list.presentation.ListScreenKt.ListScreen.<no name provided>.invokeSuspend.<no name provided>> declared in dev.martincaux.listing.list.presentation.ListScreenKt.ListScreen.<no name provided>.invokeSuspend.<no name provided>' type=dev.martincaux.listing.list.presentation.ListScreenKt.ListScreen.<no name provided>.invokeSuspend.<no name provided><T of dev.martincaux.listing.list.presentation.ListScreenKt.ListScreen.<no name provided>.invokeSuspend.<no name provided>> origin=null
                            value: GET_VAR '$navController: androidx.navigation.NavController declared in dev.martincaux.listing.list.presentation.ListScreenKt.ListScreen.<no name provided>.invokeSuspend.<no name provided>.<init>' type=androidx.navigation.NavController origin=null
                          DELEGATING_CONSTRUCTOR_CALL 'public constructor <init> () [primary] declared in kotlin.Any'
                          BLOCK type=kotlin.Unit origin=null
                      FUN name:emit visibility:public modality:FINAL <> ($this:dev.martincaux.listing.list.presentation.ListScreenKt.ListScreen.<no name provided>.invokeSuspend.<no name provided><T of dev.martincaux.listing.list.presentation.ListScreenKt.ListScreen.<no name provided>.invokeSuspend.<no name provided>>, routeUri:kotlin.String, $completion:kotlin.coroutines.Continuation<kotlin.Unit>) returnType:kotlin.Any? [suspend]
                        overridden:
                          public abstract fun emit (value: T of kotlinx.coroutines.flow.FlowCollector, $completion: kotlin.coroutines.Continuation<kotlin.Unit>): kotlin.Any? [suspend] declared in kotlinx.coroutines.flow.FlowCollector
                        $this: VALUE_PARAMETER INSTANCE_RECEIVER name:<this> type:dev.martincaux.listing.list.presentation.ListScreenKt.ListScreen.<no name provided>.invokeSuspend.<no name provided><T of dev.martincaux.listing.list.presentation.ListScreenKt.ListScreen.<no name provided>.invokeSuspend.<no name provided>>
                        VALUE_PARAMETER name:routeUri index:0 type:kotlin.String
                        VALUE_PARAMETER CONTINUATION_CLASS name:$completion index:1 type:kotlin.coroutines.Continuation<kotlin.Unit>
                        BLOCK_BODY
                          CLASS CONTINUATION_CLASS CLASS name:<Continuation> modality:FINAL visibility:public/*package*/ superTypes:[kotlin.coroutines.jvm.internal.ContinuationImpl]
                            $this: VALUE_PARAMETER INSTANCE_RECEIVER name:<this> type:dev.martincaux.listing.list.presentation.ListScreenKt.ListScreen.<no name provided>.invokeSuspend.<no name provided>.emit.<Continuation>
                            FIELD CONTINUATION_CLASS_RESULT_FIELD name:result type:kotlin.Result<kotlin.Any?> visibility:public/*package*/
                            FIELD FIELD_FOR_OUTER_THIS name:this$0 type:dev.martincaux.listing.list.presentation.ListScreenKt.ListScreen.<no name provided>.invokeSuspend.<no name provided><T of dev.martincaux.listing.list.presentation.ListScreenKt.ListScreen.<no name provided>.invokeSuspend.<no name provided>> visibility:public/*package*/ [final]
                            FIELD name:label type:kotlin.Int visibility:public/*package*/
                            CONSTRUCTOR visibility:public/*package*/ <> (this$0:dev.martincaux.listing.list.presentation.ListScreenKt.ListScreen.<no name provided>.invokeSuspend.<no name provided><T of dev.martincaux.listing.list.presentation.ListScreenKt.ListScreen.<no name provided>.invokeSuspend.<no name provided>>, $completion:kotlin.coroutines.Continuation<dev.martincaux.listing.list.presentation.ListScreenKt.ListScreen.<no name provided>.invokeSuspend.<no name provided>.emit.<Continuation>>?) returnType:dev.martincaux.listing.list.presentation.ListScreenKt.ListScreen.<no name provided>.invokeSuspend.<no name provided>.emit.<Continuation> [primary]
                              VALUE_PARAMETER name:this$0 index:0 type:dev.martincaux.listing.list.presentation.ListScreenKt.ListScreen.<no name provided>.invokeSuspend.<no name provided><T of dev.martincaux.listing.list.presentation.ListScreenKt.ListScreen.<no name provided>.invokeSuspend.<no name provided>>
                              VALUE_PARAMETER name:$completion index:1 type:kotlin.coroutines.Continuation<dev.martincaux.listing.list.presentation.ListScreenKt.ListScreen.<no name provided>.invokeSuspend.<no name provided>.emit.<Continuation>>?
                              BLOCK_BODY
                                SET_FIELD 'FIELD FIELD_FOR_OUTER_THIS name:this$0 type:dev.martincaux.listing.list.presentation.ListScreenKt.ListScreen.<no name provided>.invokeSuspend.<no name provided><T of dev.martincaux.listing.list.presentation.ListScreenKt.ListScreen.<no name provided>.invokeSuspend.<no name provided>> visibility:public/*package*/ [final]' type=kotlin.Unit origin=null
                                  receiver: GET_VAR '<this>: dev.martincaux.listing.list.presentation.ListScreenKt.ListScreen.<no name provided>.invokeSuspend.<no name provided>.emit.<Continuation> declared in dev.martincaux.listing.list.presentation.ListScreenKt.ListScreen.<no name provided>.invokeSuspend.<no name provided>.emit.<Continuation>' type=dev.martincaux.listing.list.presentation.ListScreenKt.ListScreen.<no name provided>.invokeSuspend.<no name provided>.emit.<Continuation> origin=null
                                  value: GET_VAR 'this$0: dev.martincaux.listing.list.presentation.ListScreenKt.ListScreen.<no name provided>.invokeSuspend.<no name provided><T of dev.martincaux.listing.list.presentation.ListScreenKt.ListScreen.<no name provided>.invokeSuspend.<no name provided>> declared in dev.martincaux.listing.list.presentation.ListScreenKt.ListScreen.<no name provided>.invokeSuspend.<no name provided>.emit.<Continuation>.<init>' type=dev.martincaux.listing.list.presentation.ListScreenKt.ListScreen.<no name provided>.invokeSuspend.<no name provided><T of dev.martincaux.listing.list.presentation.ListScreenKt.ListScreen.<no name provided>.invokeSuspend.<no name provided>> origin=null
                                DELEGATING_CONSTRUCTOR_CALL 'public constructor <init> ($completion: kotlin.coroutines.Continuation<kotlin.Any?>?) declared in kotlin.coroutines.jvm.internal.ContinuationImpl'
                                  $completion: GET_VAR '$completion: kotlin.coroutines.Continuation<dev.martincaux.listing.list.presentation.ListScreenKt.ListScreen.<no name provided>.invokeSuspend.<no name provided>.emit.<Continuation>>? declared in dev.martincaux.listing.list.presentation.ListScreenKt.ListScreen.<no name provided>.invokeSuspend.<no name provided>.emit.<Continuation>.<init>' type=kotlin.coroutines.Continuation<dev.martincaux.listing.list.presentation.ListScreenKt.ListScreen.<no name provided>.invokeSuspend.<no name provided>.emit.<Continuation>>? origin=null
                            FUN name:invokeSuspend visibility:public modality:FINAL <> ($this:dev.martincaux.listing.list.presentation.ListScreenKt.ListScreen.<no name provided>.invokeSuspend.<no name provided>.emit.<Continuation>, $result:kotlin.Result<kotlin.Any?>) returnType:kotlin.Any?
                              overridden:
                                public abstract fun invokeSuspend ($result: kotlin.Result<kotlin.Any?>): kotlin.Any? declared in kotlin.coroutines.jvm.internal.ContinuationImpl
                              $this: VALUE_PARAMETER INSTANCE_RECEIVER name:<this> type:dev.martincaux.listing.list.presentation.ListScreenKt.ListScreen.<no name provided>.invokeSuspend.<no name provided>.emit.<Continuation>
                              VALUE_PARAMETER name:$result index:0 type:kotlin.Result<kotlin.Any?>
                              BLOCK_BODY
                                SET_FIELD 'FIELD CONTINUATION_CLASS_RESULT_FIELD name:result type:kotlin.Result<kotlin.Any?> visibility:public/*package*/' type=kotlin.Unit origin=null
                                  receiver: GET_VAR '<this>: dev.martincaux.listing.list.presentation.ListScreenKt.ListScreen.<no name provided>.invokeSuspend.<no name provided>.emit.<Continuation> declared in dev.martincaux.listing.list.presentation.ListScreenKt.ListScreen.<no name provided>.invokeSuspend.<no name provided>.emit.<Continuation>.invokeSuspend' type=dev.martincaux.listing.list.presentation.ListScreenKt.ListScreen.<no name provided>.invokeSuspend.<no name provided>.emit.<Continuation> origin=null
                                  value: GET_VAR '$result: kotlin.Result<kotlin.Any?> declared in dev.martincaux.listing.list.presentation.ListScreenKt.ListScreen.<no name provided>.invokeSuspend.<no name provided>.emit.<Continuation>.invokeSuspend' type=kotlin.Result<kotlin.Any?> origin=null
                                SET_FIELD 'FIELD name:label type:kotlin.Int visibility:public/*package*/' type=kotlin.Unit origin=null
                                  receiver: GET_VAR '<this>: dev.martincaux.listing.list.presentation.ListScreenKt.ListScreen.<no name provided>.invokeSuspend.<no name provided>.emit.<Continuation> declared in dev.martincaux.listing.list.presentation.ListScreenKt.ListScreen.<no name provided>.invokeSuspend.<no name provided>.emit.<Continuation>.invokeSuspend' type=dev.martincaux.listing.list.presentation.ListScreenKt.ListScreen.<no name provided>.invokeSuspend.<no name provided>.emit.<Continuation> origin=null
                                  value: CALL 'public final fun or (other: kotlin.Int): kotlin.Int [infix] declared in kotlin.Int' type=kotlin.Int origin=null
                                    $this: GET_FIELD 'FIELD name:label type:kotlin.Int visibility:public/*package*/' type=kotlin.Int origin=null
                                      receiver: GET_VAR '<this>: dev.martincaux.listing.list.presentation.ListScreenKt.ListScreen.<no name provided>.invokeSuspend.<no name provided>.emit.<Continuation> declared in dev.martincaux.listing.list.presentation.ListScreenKt.ListScreen.<no name provided>.invokeSuspend.<no name provided>.emit.<Continuation>.invokeSuspend' type=dev.martincaux.listing.list.presentation.ListScreenKt.ListScreen.<no name provided>.invokeSuspend.<no name provided>.emit.<Continuation> origin=null
                                    other: CONST Int type=kotlin.Int value=-2147483648
                                RETURN type=kotlin.Nothing from='public final fun invokeSuspend ($result: kotlin.Result<kotlin.Any?>): kotlin.Any? declared in dev.martincaux.listing.list.presentation.ListScreenKt.ListScreen.<no name provided>.invokeSuspend.<no name provided>.emit.<Continuation>'
                                  CALL 'public final fun emit (routeUri: kotlin.String, $completion: kotlin.coroutines.Continuation<kotlin.Unit>): kotlin.Any? [suspend] declared in dev.martincaux.listing.list.presentation.ListScreenKt.ListScreen.<no name provided>.invokeSuspend.<no name provided>' type=kotlin.Any? origin=null
                                    $this: GET_FIELD 'FIELD FIELD_FOR_OUTER_THIS name:this$0 type:dev.martincaux.listing.list.presentation.ListScreenKt.ListScreen.<no name provided>.invokeSuspend.<no name provided><T of dev.martincaux.listing.list.presentation.ListScreenKt.ListScreen.<no name provided>.invokeSuspend.<no name provided>> visibility:public/*package*/ [final]' type=dev.martincaux.listing.list.presentation.ListScreenKt.ListScreen.<no name provided>.invokeSuspend.<no name provided><T of dev.martincaux.listing.list.presentation.ListScreenKt.ListScreen.<no name provided>.invokeSuspend.<no name provided>> origin=null
                                      receiver: GET_VAR '<this>: dev.martincaux.listing.list.presentation.ListScreenKt.ListScreen.<no name provided>.invokeSuspend.<no name provided>.emit.<Continuation> declared in dev.martincaux.listing.list.presentation.ListScreenKt.ListScreen.<no name provided>.invokeSuspend.<no name provided>.emit.<Continuation>.invokeSuspend' type=dev.martincaux.listing.list.presentation.ListScreenKt.ListScreen.<no name provided>.invokeSuspend.<no name provided>.emit.<Continuation> origin=null
                                    routeUri: CONST Null type=kotlin.String? value=null
                                    $completion: GET_VAR '<this>: dev.martincaux.listing.list.presentation.ListScreenKt.ListScreen.<no name provided>.invokeSuspend.<no name provided>.emit.<Continuation> declared in dev.martincaux.listing.list.presentation.ListScreenKt.ListScreen.<no name provided>.invokeSuspend.<no name provided>.emit.<Continuation>.invokeSuspend' type=dev.martincaux.listing.list.presentation.ListScreenKt.ListScreen.<no name provided>.invokeSuspend.<no name provided>.emit.<Continuation> origin=null
                          CALL 'public final fun navigate$default ($this: androidx.navigation.NavController, route: kotlin.String, navOptions: androidx.navigation.NavOptions?, navigatorExtras: androidx.navigation.Navigator.Extras?, $mask0: kotlin.Int, $handler: kotlin.Any?): kotlin.Unit declared in androidx.navigation.NavController' type=kotlin.Unit origin=DEFAULT_DISPATCH_CALL
                            $this: GET_FIELD 'FIELD FIELD_FOR_CAPTURED_VALUE name:$navController type:androidx.navigation.NavController visibility:public/*package*/ [final]' type=androidx.navigation.NavController origin=null
                              receiver: GET_VAR '<this>: dev.martincaux.listing.list.presentation.ListScreenKt.ListScreen.<no name provided>.invokeSuspend.<no name provided><T of dev.martincaux.listing.list.presentation.ListScreenKt.ListScreen.<no name provided>.invokeSuspend.<no name provided>> declared in dev.martincaux.listing.list.presentation.ListScreenKt.ListScreen.<no name provided>.invokeSuspend.<no name provided>.emit' type=dev.martincaux.listing.list.presentation.ListScreenKt.ListScreen.<no name provided>.invokeSuspend.<no name provided><T of dev.martincaux.listing.list.presentation.ListScreenKt.ListScreen.<no name provided>.invokeSuspend.<no name provided>> origin=null
                            route: GET_VAR 'routeUri: kotlin.String declared in dev.martincaux.listing.list.presentation.ListScreenKt.ListScreen.<no name provided>.invokeSuspend.<no name provided>.emit' type=kotlin.String origin=null
                            navOptions: COMPOSITE type=androidx.navigation.NavOptions? origin=DEFAULT_VALUE
                              CONST Null type=androidx.navigation.NavOptions? value=null
                            navigatorExtras: COMPOSITE type=androidx.navigation.Navigator.Extras? origin=DEFAULT_VALUE
                              CONST Null type=androidx.navigation.Navigator.Extras? value=null
                            $mask0: CONST Int type=kotlin.Int value=6
                            $handler: CONST Null type=kotlin.Any? value=null
                      FUN FAKE_OVERRIDE name:equals visibility:public modality:OPEN <> ($this:kotlin.Any, other:kotlin.Any?) returnType:kotlin.Boolean [fake_override,operator]
                        overridden:
                          public open fun equals (other: kotlin.Any?): kotlin.Boolean [fake_override,operator] declared in kotlinx.coroutines.flow.FlowCollector
                        $this: VALUE_PARAMETER name:<this> type:kotlin.Any
                        VALUE_PARAMETER name:other index:0 type:kotlin.Any?
                      FUN FAKE_OVERRIDE name:hashCode visibility:public modality:OPEN <> ($this:kotlin.Any) returnType:kotlin.Int [fake_override]
                        overridden:
                          public open fun hashCode (): kotlin.Int [fake_override] declared in kotlinx.coroutines.flow.FlowCollector
                        $this: VALUE_PARAMETER name:<this> type:kotlin.Any
                      FUN FAKE_OVERRIDE name:toString visibility:public modality:OPEN <> ($this:kotlin.Any) returnType:kotlin.String [fake_override]
                        overridden:
                          public open fun toString (): kotlin.String [fake_override] declared in kotlinx.coroutines.flow.FlowCollector
                        $this: VALUE_PARAMETER name:<this> type:kotlin.Any
                      FIELD FIELD_FOR_CAPTURED_VALUE name:$navController type:androidx.navigation.NavController visibility:public/*package*/ [final]
                      FUN BRIDGE name:emit visibility:public modality:OPEN <> ($this:dev.martincaux.listing.list.presentation.ListScreenKt.ListScreen.<no name provided>.invokeSuspend.<no name provided><T of dev.martincaux.listing.list.presentation.ListScreenKt.ListScreen.<no name provided>.invokeSuspend.<no name provided>>, value:kotlin.Any?, $completion:kotlin.coroutines.Continuation<kotlin.Unit>) returnType:kotlin.Any? [suspend]
                        $this: VALUE_PARAMETER INSTANCE_RECEIVER name:<this> type:dev.martincaux.listing.list.presentation.ListScreenKt.ListScreen.<no name provided>.invokeSuspend.<no name provided><T of dev.martincaux.listing.list.presentation.ListScreenKt.ListScreen.<no name provided>.invokeSuspend.<no name provided>>
                        VALUE_PARAMETER BRIDGE name:value index:0 type:kotlin.Any?
                        VALUE_PARAMETER BRIDGE name:$completion index:1 type:kotlin.coroutines.Continuation<kotlin.Unit>
                        EXPRESSION_BODY
                          RETURN type=kotlin.Nothing from='public open fun emit (value: kotlin.Any?, $completion: kotlin.coroutines.Continuation<kotlin.Unit>): kotlin.Any? [suspend] declared in dev.martincaux.listing.list.presentation.ListScreenKt.ListScreen.<no name provided>.invokeSuspend.<no name provided>'
                            CALL 'public final fun emit (routeUri: kotlin.String, $completion: kotlin.coroutines.Continuation<kotlin.Unit>): kotlin.Any? [suspend] declared in dev.martincaux.listing.list.presentation.ListScreenKt.ListScreen.<no name provided>.invokeSuspend.<no name provided>' type=kotlin.Any? origin=BRIDGE_DELEGATION
                              $this: GET_VAR '<this>: dev.martincaux.listing.list.presentation.ListScreenKt.ListScreen.<no name provided>.invokeSuspend.<no name provided><T of dev.martincaux.listing.list.presentation.ListScreenKt.ListScreen.<no name provided>.invokeSuspend.<no name provided>> declared in dev.martincaux.listing.list.presentation.ListScreenKt.ListScreen.<no name provided>.invokeSuspend.<no name provided>.emit' type=dev.martincaux.listing.list.presentation.ListScreenKt.ListScreen.<no name provided>.invokeSuspend.<no name provided><T of dev.martincaux.listing.list.presentation.ListScreenKt.ListScreen.<no name provided>.invokeSuspend.<no name provided>> origin=null
                              routeUri: TYPE_OP type=kotlin.String origin=IMPLICIT_CAST typeOperand=kotlin.String
                                GET_VAR 'value: kotlin.Any? declared in dev.martincaux.listing.list.presentation.ListScreenKt.ListScreen.<no name provided>.invokeSuspend.<no name provided>.emit' type=kotlin.Any? origin=null
                              $completion: TYPE_OP type=kotlin.coroutines.Continuation<*> origin=IMPLICIT_CAST typeOperand=kotlin.coroutines.Continuation<*>
                                GET_VAR '$completion: kotlin.coroutines.Continuation<kotlin.Unit> declared in dev.martincaux.listing.list.presentation.ListScreenKt.ListScreen.<no name provided>.invokeSuspend.<no name provided>.emit' type=kotlin.coroutines.Continuation<kotlin.Unit> origin=null
                    CONSTRUCTOR_CALL 'public/*package*/ constructor <init> ($navController: androidx.navigation.NavController) [primary] declared in dev.martincaux.listing.list.presentation.ListScreenKt.ListScreen.<no name provided>.invokeSuspend.<no name provided>' type=dev.martincaux.listing.list.presentation.ListScreenKt.ListScreen.<no name provided>.invokeSuspend.<no name provided><T of dev.martincaux.listing.list.presentation.ListScreenKt.ListScreen.<no name provided>.invokeSuspend.<no name provided>> origin=null
                      <class: T>: <none>
                      $navController: GET_FIELD 'FIELD FIELD_FOR_CAPTURED_VALUE name:$navController type:androidx.navigation.NavController visibility:public/*package*/ [final]' type=androidx.navigation.NavController origin=null
                        receiver: GET_VAR '<this>: dev.martincaux.listing.list.presentation.ListScreenKt.ListScreen.<no name provided> declared in dev.martincaux.listing.list.presentation.ListScreenKt.ListScreen.<no name provided>.invokeSuspend' type=dev.martincaux.listing.list.presentation.ListScreenKt.ListScreen.<no name provided> origin=null
                  $completion: GET_VAR '<this>: dev.martincaux.listing.list.presentation.ListScreenKt.ListScreen.<no name provided> declared in dev.martincaux.listing.list.presentation.ListScreenKt.ListScreen.<no name provided>.invokeSuspend' type=dev.martincaux.listing.list.presentation.ListScreenKt.ListScreen.<no name provided> origin=null
                CALL 'public final fun throwKotlinNothingValueException (): kotlin.Nothing declared in kotlin.jvm.internal.Intrinsics' type=kotlin.Nothing origin=null
          FUN name:create visibility:public modality:FINAL <> ($this:dev.martincaux.listing.list.presentation.ListScreenKt.ListScreen.<no name provided>, value:kotlin.Any?, $completion:kotlin.coroutines.Continuation<kotlin.Nothing>) returnType:kotlin.coroutines.Continuation<kotlin.Unit>
            overridden:
              public open fun create (value: kotlin.Any?, $completion: kotlin.coroutines.Continuation<kotlin.Nothing>): kotlin.coroutines.Continuation<kotlin.Unit> declared in kotlin.coroutines.jvm.internal.SuspendLambda
            $this: VALUE_PARAMETER INSTANCE_RECEIVER name:<this> type:dev.martincaux.listing.list.presentation.ListScreenKt.ListScreen.<no name provided>
            VALUE_PARAMETER name:value index:0 type:kotlin.Any?
            VALUE_PARAMETER name:$completion index:1 type:kotlin.coroutines.Continuation<kotlin.Nothing>
            BLOCK_BODY
              RETURN type=kotlin.Nothing from='public final fun create (value: kotlin.Any?, $completion: kotlin.coroutines.Continuation<kotlin.Nothing>): kotlin.coroutines.Continuation<kotlin.Unit> declared in dev.martincaux.listing.list.presentation.ListScreenKt.ListScreen.<no name provided>'
                CONSTRUCTOR_CALL 'public/*package*/ constructor <init> ($viewModel: dev.martincaux.listing.list.presentation.ListViewModel, $navController: androidx.navigation.NavController, $completion: kotlin.coroutines.Continuation<dev.martincaux.listing.list.presentation.ListScreenKt.ListScreen.<no name provided>>?) [primary] declared in dev.martincaux.listing.list.presentation.ListScreenKt.ListScreen.<no name provided>' type=dev.martincaux.listing.list.presentation.ListScreenKt.ListScreen.<no name provided> origin=null
                  $viewModel: GET_FIELD 'FIELD FIELD_FOR_CAPTURED_VALUE name:$viewModel type:dev.martincaux.listing.list.presentation.ListViewModel visibility:public/*package*/ [final]' type=dev.martincaux.listing.list.presentation.ListViewModel origin=null
                    receiver: GET_VAR '<this>: dev.martincaux.listing.list.presentation.ListScreenKt.ListScreen.<no name provided> declared in dev.martincaux.listing.list.presentation.ListScreenKt.ListScreen.<no name provided>.create' type=dev.martincaux.listing.list.presentation.ListScreenKt.ListScreen.<no name provided> origin=null
                  $navController: GET_FIELD 'FIELD FIELD_FOR_CAPTURED_VALUE name:$navController type:androidx.navigation.NavController visibility:public/*package*/ [final]' type=androidx.navigation.NavController origin=null
                    receiver: GET_VAR '<this>: dev.martincaux.listing.list.presentation.ListScreenKt.ListScreen.<no name provided> declared in dev.martincaux.listing.list.presentation.ListScreenKt.ListScreen.<no name provided>.create' type=dev.martincaux.listing.list.presentation.ListScreenKt.ListScreen.<no name provided> origin=null
                  $completion: GET_VAR '$completion: kotlin.coroutines.Continuation<kotlin.Nothing> declared in dev.martincaux.listing.list.presentation.ListScreenKt.ListScreen.<no name provided>.create' type=kotlin.coroutines.Continuation<kotlin.Nothing> origin=null
          FUN name:invoke visibility:public modality:FINAL <> ($this:dev.martincaux.listing.list.presentation.ListScreenKt.ListScreen.<no name provided>, p1:kotlinx.coroutines.CoroutineScope, p2:kotlin.coroutines.Continuation<kotlin.Unit>?) returnType:kotlin.Any?
            overridden:
              public abstract fun invoke (p1: P1 of kotlin.jvm.functions.Function2, p2: P2 of kotlin.jvm.functions.Function2): R of kotlin.jvm.functions.Function2 declared in kotlin.jvm.functions.Function2
            $this: VALUE_PARAMETER INSTANCE_RECEIVER name:<this> type:dev.martincaux.listing.list.presentation.ListScreenKt.ListScreen.<no name provided>
            VALUE_PARAMETER name:p1 index:0 type:kotlinx.coroutines.CoroutineScope
            VALUE_PARAMETER name:p2 index:1 type:kotlin.coroutines.Continuation<kotlin.Unit>?
            BLOCK_BODY
              RETURN type=kotlin.Nothing from='public final fun invoke (p1: kotlinx.coroutines.CoroutineScope, p2: kotlin.coroutines.Continuation<kotlin.Unit>?): kotlin.Any? declared in dev.martincaux.listing.list.presentation.ListScreenKt.ListScreen.<no name provided>'
                CALL 'public final fun invokeSuspend ($result: kotlin.Result<kotlin.Any?>): kotlin.Any? declared in dev.martincaux.listing.list.presentation.ListScreenKt.ListScreen.<no name provided>' type=kotlin.Any? origin=null
                  $this: TYPE_OP type=dev.martincaux.listing.list.presentation.ListScreenKt.ListScreen.<no name provided> origin=IMPLICIT_CAST typeOperand=dev.martincaux.listing.list.presentation.ListScreenKt.ListScreen.<no name provided>
                    CALL 'public final fun create (value: kotlin.Any?, $completion: kotlin.coroutines.Continuation<kotlin.Nothing>): kotlin.coroutines.Continuation<kotlin.Unit> declared in dev.martincaux.listing.list.presentation.ListScreenKt.ListScreen.<no name provided>' type=kotlin.coroutines.Continuation<kotlin.Unit> origin=null
                      $this: GET_VAR '<this>: dev.martincaux.listing.list.presentation.ListScreenKt.ListScreen.<no name provided> declared in dev.martincaux.listing.list.presentation.ListScreenKt.ListScreen.<no name provided>.invoke' type=dev.martincaux.listing.list.presentation.ListScreenKt.ListScreen.<no name provided> origin=null
                      value: GET_VAR 'p1: kotlinx.coroutines.CoroutineScope declared in dev.martincaux.listing.list.presentation.ListScreenKt.ListScreen.<no name provided>.invoke' type=kotlinx.coroutines.CoroutineScope origin=null
                      $completion: GET_VAR 'p2: kotlin.coroutines.Continuation<kotlin.Unit>? declared in dev.martincaux.listing.list.presentation.ListScreenKt.ListScreen.<no name provided>.invoke' type=kotlin.coroutines.Continuation<kotlin.Unit>? origin=null
                  $result: CALL 'public final fun <unsafe-coerce> <T, R> (v: T of kotlin.jvm.internal.<unsafe-coerce>): R of kotlin.jvm.internal.<unsafe-coerce> declared in kotlin.jvm.internal' type=kotlin.Result<kotlin.Any?> origin=null
                    <T>: kotlin.Any?
                    <R>: kotlin.Result<kotlin.Any?>
                    v: GET_FIELD 'FIELD FIELD_FOR_OBJECT_INSTANCE name:INSTANCE type:kotlin.Unit visibility:public [final,static]' type=kotlin.Unit origin=null
          FIELD FIELD_FOR_CAPTURED_VALUE name:$viewModel type:dev.martincaux.listing.list.presentation.ListViewModel visibility:public/*package*/ [final]
          FIELD FIELD_FOR_CAPTURED_VALUE name:$navController type:androidx.navigation.NavController visibility:public/*package*/ [final]
          FUN BRIDGE name:invoke visibility:public modality:OPEN <> ($this:dev.martincaux.listing.list.presentation.ListScreenKt.ListScreen.<no name provided>, p1:kotlin.Any?, p2:kotlin.Any?) returnType:kotlin.Any?
            $this: VALUE_PARAMETER INSTANCE_RECEIVER name:<this> type:dev.martincaux.listing.list.presentation.ListScreenKt.ListScreen.<no name provided>
            VALUE_PARAMETER BRIDGE name:p1 index:0 type:kotlin.Any?
            VALUE_PARAMETER BRIDGE name:p2 index:1 type:kotlin.Any?
            EXPRESSION_BODY
              RETURN type=kotlin.Nothing from='public open fun invoke (p1: kotlin.Any?, p2: kotlin.Any?): kotlin.Any? declared in dev.martincaux.listing.list.presentation.ListScreenKt.ListScreen.<no name provided>'
                CALL 'public final fun invoke (p1: kotlinx.coroutines.CoroutineScope, p2: kotlin.coroutines.Continuation<kotlin.Unit>?): kotlin.Any? declared in dev.martincaux.listing.list.presentation.ListScreenKt.ListScreen.<no name provided>' type=kotlin.Any? origin=BRIDGE_DELEGATION
                  $this: GET_VAR '<this>: dev.martincaux.listing.list.presentation.ListScreenKt.ListScreen.<no name provided> declared in dev.martincaux.listing.list.presentation.ListScreenKt.ListScreen.<no name provided>.invoke' type=dev.martincaux.listing.list.presentation.ListScreenKt.ListScreen.<no name provided> origin=null
                  p1: TYPE_OP type=kotlinx.coroutines.CoroutineScope origin=IMPLICIT_CAST typeOperand=kotlinx.coroutines.CoroutineScope
                    GET_VAR 'p1: kotlin.Any? declared in dev.martincaux.listing.list.presentation.ListScreenKt.ListScreen.<no name provided>.invoke' type=kotlin.Any? origin=null
                  p2: TYPE_OP type=kotlin.coroutines.Continuation<*> origin=IMPLICIT_CAST typeOperand=kotlin.coroutines.Continuation<*>
                    GET_VAR 'p2: kotlin.Any? declared in dev.martincaux.listing.list.presentation.ListScreenKt.ListScreen.<no name provided>.invoke' type=kotlin.Any? origin=null
        CONSTRUCTOR_CALL 'public/*package*/ constructor <init> ($viewModel: dev.martincaux.listing.list.presentation.ListViewModel, $navController: androidx.navigation.NavController, $completion: kotlin.coroutines.Continuation<dev.martincaux.listing.list.presentation.ListScreenKt.ListScreen.<no name provided>>?) [primary] declared in dev.martincaux.listing.list.presentation.ListScreenKt.ListScreen.<no name provided>' type=dev.martincaux.listing.list.presentation.ListScreenKt.ListScreen.<no name provided> origin=null
          $viewModel: GET_VAR 'viewModel: dev.martincaux.listing.list.presentation.ListViewModel declared in dev.martincaux.listing.list.presentation.ListScreenKt.ListScreen' type=dev.martincaux.listing.list.presentation.ListViewModel origin=null
          $navController: GET_VAR 'navController: androidx.navigation.NavController declared in dev.martincaux.listing.list.presentation.ListScreenKt.ListScreen' type=androidx.navigation.NavController origin=null
          $completion: CONST Null type=kotlin.Nothing? value=null
    CALL 'public final fun Column$default (modifier: androidx.compose.ui.Modifier?, verticalArrangement: androidx.compose.foundation.layout.Arrangement.Vertical?, horizontalAlignment: androidx.compose.ui.Alignment.Horizontal?, content: @[Composable] @[ExtensionFunctionType] kotlin.Function1<androidx.compose.foundation.layout.ColumnScope, kotlin.Unit>, $mask0: kotlin.Int, $handler: kotlin.Any?): kotlin.Unit [inline] declared in androidx.compose.foundation.layout.ColumnKt' type=kotlin.Unit origin=DEFAULT_DISPATCH_CALL
      modifier: CALL 'public final fun padding-3ABfNKs (all: androidx.compose.ui.unit.Dp): androidx.compose.ui.Modifier declared in androidx.compose.foundation.layout.PaddingKt' type=androidx.compose.ui.Modifier origin=null
        $receiver: CALL 'public final fun fillMaxSize$default (fraction: kotlin.Float, $mask0: kotlin.Int, $handler: kotlin.Any?): androidx.compose.ui.Modifier declared in androidx.compose.foundation.layout.SizeKt' type=androidx.compose.ui.Modifier origin=DEFAULT_DISPATCH_CALL
          $receiver: GET_VAR 'modifier: androidx.compose.ui.Modifier declared in dev.martincaux.listing.list.presentation.ListScreenKt.ListScreen' type=androidx.compose.ui.Modifier origin=null
          fraction: COMPOSITE type=kotlin.Float origin=DEFAULT_VALUE
            CONST Float type=kotlin.Float value=0.0
          $mask0: CONST Int type=kotlin.Int value=1
          $handler: CONST Null type=kotlin.Any? value=null
        all: CALL 'public final fun <get-dp> (): androidx.compose.ui.unit.Dp [inline] declared in androidx.compose.ui.unit.DpKt' type=androidx.compose.ui.unit.Dp origin=GET_PROPERTY
          $receiver: CONST Int type=kotlin.Int value=16
      verticalArrangement: COMPOSITE type=androidx.compose.foundation.layout.Arrangement.Vertical? origin=DEFAULT_VALUE
        CONST Null type=androidx.compose.foundation.layout.Arrangement.Vertical? value=null
      horizontalAlignment: COMPOSITE type=androidx.compose.ui.Alignment.Horizontal? origin=DEFAULT_VALUE
        CONST Null type=androidx.compose.ui.Alignment.Horizontal? value=null
      content: BLOCK type=@[ExtensionFunctionType] kotlin.Function1<androidx.compose.foundation.layout.ColumnScope, kotlin.Unit> origin=LAMBDA
        COMPOSITE type=kotlin.Unit origin=null
        FUNCTION_REFERENCE 'private final fun ListScreen$lambda$4 ($viewState$delegate: androidx.compose.runtime.State<dev.martincaux.listing.list.presentation.ListViewState>, $viewModel: dev.martincaux.listing.list.presentation.ListViewModel): kotlin.Unit declared in dev.martincaux.listing.list.presentation.ListScreenKt' type=@[ExtensionFunctionType] kotlin.Function1<androidx.compose.foundation.layout.ColumnScope, kotlin.Unit> origin=INLINE_LAMBDA reflectionTarget=null
          $viewState$delegate: GET_VAR 'val viewState$delegate: androidx.compose.runtime.State<dev.martincaux.listing.list.presentation.ListViewState> [val] declared in dev.martincaux.listing.list.presentation.ListScreenKt.ListScreen' type=androidx.compose.runtime.State<dev.martincaux.listing.list.presentation.ListViewState> origin=null
          $viewModel: GET_VAR 'viewModel: dev.martincaux.listing.list.presentation.ListViewModel declared in dev.martincaux.listing.list.presentation.ListScreenKt.ListScreen' type=dev.martincaux.listing.list.presentation.ListViewModel origin=null
      $mask0: CONST Int type=kotlin.Int value=6
      $handler: CONST Null type=kotlin.Any? value=null

	at org.jetbrains.kotlin.backend.jvm.codegen.FunctionCodegen.generate(FunctionCodegen.kt:50)
	at org.jetbrains.kotlin.backend.jvm.codegen.FunctionCodegen.generate$default(FunctionCodegen.kt:42)
	at org.jetbrains.kotlin.backend.jvm.codegen.ClassCodegen.generateMethodNode(ClassCodegen.kt:385)
	at org.jetbrains.kotlin.backend.jvm.codegen.ClassCodegen.generateMethod(ClassCodegen.kt:402)
	at org.jetbrains.kotlin.backend.jvm.codegen.ClassCodegen.generate(ClassCodegen.kt:169)
	at org.jetbrains.kotlin.backend.jvm.FileCodegen.lower(JvmPhases.kt:41)
	at org.jetbrains.kotlin.backend.common.phaser.PhaseBuildersKt.makeIrFilePhase$lambda$5(PhaseBuilders.kt:114)
	at org.jetbrains.kotlin.backend.common.phaser.PhaseBuildersKt$createSimpleNamedCompilerPhase$1.phaseBody(PhaseBuilders.kt:71)
	at org.jetbrains.kotlin.backend.common.phaser.SimpleNamedCompilerPhase.phaseBody(CompilerPhase.kt:226)
	at org.jetbrains.kotlin.backend.common.phaser.AbstractNamedCompilerPhase.invoke(CompilerPhase.kt:113)
	at org.jetbrains.kotlin.backend.common.phaser.PerformByIrFilePhase.invokeSequential(performByIrFile.kt:62)
	... 43 more
Caused by: java.lang.RuntimeException: Exception while generating code for:
FUN INLINE_LAMBDA name:ListScreen$lambda$4 visibility:private modality:FINAL <> ($receiver:androidx.compose.foundation.layout.ColumnScope, $viewState$delegate:androidx.compose.runtime.State<dev.martincaux.listing.list.presentation.ListViewState>, $viewModel:dev.martincaux.listing.list.presentation.ListViewModel) returnType:kotlin.Unit
  $receiver: VALUE_PARAMETER name:$this$Column type:androidx.compose.foundation.layout.ColumnScope
  VALUE_PARAMETER BOUND_VALUE_PARAMETER name:$viewState$delegate index:0 type:androidx.compose.runtime.State<dev.martincaux.listing.list.presentation.ListViewState>
  VALUE_PARAMETER BOUND_VALUE_PARAMETER name:$viewModel index:1 type:dev.martincaux.listing.list.presentation.ListViewModel
  BLOCK_BODY
    VAR name:$i$a$-Column$default-ListScreenKt$ListScreen$2 type:kotlin.Int [val]
      CONST Int type=kotlin.Int value=0
    BLOCK type=kotlin.Unit origin=WHEN
      VAR IR_TEMPORARY_VARIABLE name:tmp0_subject type:dev.martincaux.listing.list.presentation.ListViewState [val]
        CALL 'private final fun ListScreen$lambda$0 ($viewState$delegate: androidx.compose.runtime.State<dev.martincaux.listing.list.presentation.ListViewState>): dev.martincaux.listing.list.presentation.ListViewState declared in dev.martincaux.listing.list.presentation.ListScreenKt' type=dev.martincaux.listing.list.presentation.ListViewState origin=GET_LOCAL_PROPERTY
          $viewState$delegate: GET_VAR '$viewState$delegate: androidx.compose.runtime.State<dev.martincaux.listing.list.presentation.ListViewState> declared in dev.martincaux.listing.list.presentation.ListScreenKt.ListScreen$lambda$4' type=androidx.compose.runtime.State<dev.martincaux.listing.list.presentation.ListViewState> origin=null
      WHEN type=kotlin.Unit origin=WHEN
        BRANCH
          if: TYPE_OP type=kotlin.Boolean origin=INSTANCEOF typeOperand=dev.martincaux.listing.list.presentation.ListViewState.Loading
            GET_VAR 'val tmp0_subject: dev.martincaux.listing.list.presentation.ListViewState [val] declared in dev.martincaux.listing.list.presentation.ListScreenKt.ListScreen$lambda$4' type=dev.martincaux.listing.list.presentation.ListViewState origin=null
          then: BLOCK type=kotlin.Unit origin=null
            CALL 'public final fun Box$default (modifier: androidx.compose.ui.Modifier?, contentAlignment: androidx.compose.ui.Alignment?, propagateMinConstraints: kotlin.Boolean, content: @[Composable] @[ExtensionFunctionType] kotlin.Function1<androidx.compose.foundation.layout.BoxScope, kotlin.Unit>, $mask0: kotlin.Int, $handler: kotlin.Any?): kotlin.Unit [inline] declared in androidx.compose.foundation.layout.BoxKt' type=kotlin.Unit origin=DEFAULT_DISPATCH_CALL
              modifier: CALL 'public final fun fillMaxSize$default (fraction: kotlin.Float, $mask0: kotlin.Int, $handler: kotlin.Any?): androidx.compose.ui.Modifier declared in androidx.compose.foundation.layout.SizeKt' type=androidx.compose.ui.Modifier origin=DEFAULT_DISPATCH_CALL
                $receiver: GET_FIELD 'FIELD FIELD_FOR_OBJECT_INSTANCE name:Companion type:androidx.compose.ui.Modifier.Companion visibility:public [final,static]' type=androidx.compose.ui.Modifier.Companion origin=null
                fraction: COMPOSITE type=kotlin.Float origin=DEFAULT_VALUE
                  CONST Float type=kotlin.Float value=0.0
                $mask0: CONST Int type=kotlin.Int value=1
                $handler: CONST Null type=kotlin.Any? value=null
              contentAlignment: CALL 'public final fun <get-Center> (): androidx.compose.ui.Alignment declared in androidx.compose.ui.Alignment.Companion' type=androidx.compose.ui.Alignment origin=GET_PROPERTY
                $this: GET_FIELD 'FIELD FIELD_FOR_OBJECT_INSTANCE name:Companion type:androidx.compose.ui.Alignment.Companion visibility:public [final,static]' type=androidx.compose.ui.Alignment.Companion origin=null
              propagateMinConstraints: COMPOSITE type=kotlin.Boolean origin=DEFAULT_VALUE
                CONST Boolean type=kotlin.Boolean value=false
              content: BLOCK type=@[ExtensionFunctionType] kotlin.Function1<androidx.compose.foundation.layout.BoxScope, kotlin.Unit> origin=LAMBDA
                COMPOSITE type=kotlin.Unit origin=null
                FUNCTION_REFERENCE 'private final fun ListScreen$lambda$4$lambda$1 (): kotlin.Unit declared in dev.martincaux.listing.list.presentation.ListScreenKt' type=@[ExtensionFunctionType] kotlin.Function1<androidx.compose.foundation.layout.BoxScope, kotlin.Unit> origin=INLINE_LAMBDA reflectionTarget=null
              $mask0: CONST Int type=kotlin.Int value=4
              $handler: CONST Null type=kotlin.Any? value=null
        BRANCH
          if: TYPE_OP type=kotlin.Boolean origin=INSTANCEOF typeOperand=dev.martincaux.listing.list.presentation.ListViewState.Success
            GET_VAR 'val tmp0_subject: dev.martincaux.listing.list.presentation.ListViewState [val] declared in dev.martincaux.listing.list.presentation.ListScreenKt.ListScreen$lambda$4' type=dev.martincaux.listing.list.presentation.ListViewState origin=null
          then: BLOCK type=kotlin.Unit origin=null
            VAR name:successViewState type:dev.martincaux.listing.list.presentation.ListViewState.Success [val]
              BLOCK type=dev.martincaux.listing.list.presentation.ListViewState.Success origin=null
                VAR IR_TEMPORARY_VARIABLE name:tmp0 type:kotlin.Any? [val]
                  CALL 'private final fun ListScreen$lambda$0 ($viewState$delegate: androidx.compose.runtime.State<dev.martincaux.listing.list.presentation.ListViewState>): dev.martincaux.listing.list.presentation.ListViewState declared in dev.martincaux.listing.list.presentation.ListScreenKt' type=dev.martincaux.listing.list.presentation.ListViewState origin=GET_LOCAL_PROPERTY
                    $viewState$delegate: GET_VAR '$viewState$delegate: androidx.compose.runtime.State<dev.martincaux.listing.list.presentation.ListViewState> declared in dev.martincaux.listing.list.presentation.ListScreenKt.ListScreen$lambda$4' type=androidx.compose.runtime.State<dev.martincaux.listing.list.presentation.ListViewState> origin=null
                CALL 'public final fun checkNotNull (object: kotlin.Any?, message: kotlin.String): kotlin.Unit declared in kotlin.jvm.internal.Intrinsics' type=kotlin.Unit origin=null
                  object: GET_VAR 'val tmp0: kotlin.Any? [val] declared in dev.martincaux.listing.list.presentation.ListScreenKt.ListScreen$lambda$4' type=kotlin.Any? origin=null
                  message: CONST String type=kotlin.String value="null cannot be cast to non-null type dev.martincaux.listing.list.presentation.ListViewState.Success"
                TYPE_OP type=dev.martincaux.listing.list.presentation.ListViewState.Success? origin=CAST typeOperand=dev.martincaux.listing.list.presentation.ListViewState.Success?
                  GET_VAR 'val tmp0: kotlin.Any? [val] declared in dev.martincaux.listing.list.presentation.ListScreenKt.ListScreen$lambda$4' type=kotlin.Any? origin=null
            CALL 'public final fun Text-80ic1_w$default (text: kotlin.String, modifier: androidx.compose.ui.Modifier?, color: androidx.compose.ui.graphics.Color, fontSize: androidx.compose.ui.unit.TextUnit, fontStyle: androidx.compose.ui.text.font.FontStyle?, fontWeight: androidx.compose.ui.text.font.FontWeight?, fontFamily: androidx.compose.ui.text.font.FontFamily?, letterSpacing: androidx.compose.ui.unit.TextUnit, textDecoration: androidx.compose.ui.text.style.TextDecoration?, textAlign: androidx.compose.ui.text.style.TextAlign?, lineHeight: androidx.compose.ui.unit.TextUnit, overflow: androidx.compose.ui.text.style.TextOverflow, softWrap: kotlin.Boolean, maxLines: kotlin.Int, minLines: kotlin.Int, onTextLayout: kotlin.Function1<androidx.compose.ui.text.TextLayoutResult, kotlin.Unit>?, style: androidx.compose.ui.text.TextStyle?, $mask0: kotlin.Int, $handler: kotlin.Any?): kotlin.Unit declared in androidx.compose.material3.TextKt' type=kotlin.Unit origin=DEFAULT_DISPATCH_CALL
              text: CONST String type=kotlin.String value="Categories"
              modifier: COMPOSITE type=androidx.compose.ui.Modifier? origin=DEFAULT_VALUE
                CONST Null type=androidx.compose.ui.Modifier? value=null
              color: COMPOSITE type=androidx.compose.ui.graphics.Color origin=DEFAULT_VALUE
                CALL 'public final fun <unsafe-coerce> <T, R> (v: T of kotlin.jvm.internal.<unsafe-coerce>): R of kotlin.jvm.internal.<unsafe-coerce> declared in kotlin.jvm.internal' type=androidx.compose.ui.graphics.Color origin=null
                  <T>: kotlin.Long
                  <R>: androidx.compose.ui.graphics.Color
                  v: CONST Long type=kotlin.Long value=0
              fontSize: COMPOSITE type=androidx.compose.ui.unit.TextUnit origin=DEFAULT_VALUE
                CALL 'public final fun <unsafe-coerce> <T, R> (v: T of kotlin.jvm.internal.<unsafe-coerce>): R of kotlin.jvm.internal.<unsafe-coerce> declared in kotlin.jvm.internal' type=androidx.compose.ui.unit.TextUnit origin=null
                  <T>: kotlin.Long
                  <R>: androidx.compose.ui.unit.TextUnit
                  v: CONST Long type=kotlin.Long value=0
              fontStyle: COMPOSITE type=androidx.compose.ui.text.font.FontStyle? origin=DEFAULT_VALUE
                CONST Null type=androidx.compose.ui.text.font.FontStyle? value=null
              fontWeight: COMPOSITE type=androidx.compose.ui.text.font.FontWeight? origin=DEFAULT_VALUE
                CONST Null type=androidx.compose.ui.text.font.FontWeight? value=null
              fontFamily: COMPOSITE type=androidx.compose.ui.text.font.FontFamily? origin=DEFAULT_VALUE
                CONST Null type=androidx.compose.ui.text.font.FontFamily? value=null
              letterSpacing: COMPOSITE type=androidx.compose.ui.unit.TextUnit origin=DEFAULT_VALUE
                CALL 'public final fun <unsafe-coerce> <T, R> (v: T of kotlin.jvm.internal.<unsafe-coerce>): R of kotlin.jvm.internal.<unsafe-coerce> declared in kotlin.jvm.internal' type=androidx.compose.ui.unit.TextUnit origin=null
                  <T>: kotlin.Long
                  <R>: androidx.compose.ui.unit.TextUnit
                  v: CONST Long type=kotlin.Long value=0
              textDecoration: COMPOSITE type=androidx.compose.ui.text.style.TextDecoration? origin=DEFAULT_VALUE
                CONST Null type=androidx.compose.ui.text.style.TextDecoration? value=null
              textAlign: COMPOSITE type=androidx.compose.ui.text.style.TextAlign? origin=DEFAULT_VALUE
                CONST Null type=androidx.compose.ui.text.style.TextAlign? value=null
              lineHeight: COMPOSITE type=androidx.compose.ui.unit.TextUnit origin=DEFAULT_VALUE
                CALL 'public final fun <unsafe-coerce> <T, R> (v: T of kotlin.jvm.internal.<unsafe-coerce>): R of kotlin.jvm.internal.<unsafe-coerce> declared in kotlin.jvm.internal' type=androidx.compose.ui.unit.TextUnit origin=null
                  <T>: kotlin.Long
                  <R>: androidx.compose.ui.unit.TextUnit
                  v: CONST Long type=kotlin.Long value=0
              overflow: COMPOSITE type=androidx.compose.ui.text.style.TextOverflow origin=DEFAULT_VALUE
                CALL 'public final fun <unsafe-coerce> <T, R> (v: T of kotlin.jvm.internal.<unsafe-coerce>): R of kotlin.jvm.internal.<unsafe-coerce> declared in kotlin.jvm.internal' type=androidx.compose.ui.text.style.TextOverflow origin=null
                  <T>: kotlin.Int
                  <R>: androidx.compose.ui.text.style.TextOverflow
                  v: CONST Int type=kotlin.Int value=0
              softWrap: COMPOSITE type=kotlin.Boolean origin=DEFAULT_VALUE
                CONST Boolean type=kotlin.Boolean value=false
              maxLines: COMPOSITE type=kotlin.Int origin=DEFAULT_VALUE
                CONST Int type=kotlin.Int value=0
              minLines: COMPOSITE type=kotlin.Int origin=DEFAULT_VALUE
                CONST Int type=kotlin.Int value=0
              onTextLayout: COMPOSITE type=kotlin.Function1<androidx.compose.ui.text.TextLayoutResult, kotlin.Unit>? origin=DEFAULT_VALUE
                CONST Null type=kotlin.Function1<androidx.compose.ui.text.TextLayoutResult, kotlin.Unit>? value=null
              style: CALL 'public final fun <get-bodyLarge> (): androidx.compose.ui.text.TextStyle declared in androidx.compose.material3.Typography' type=androidx.compose.ui.text.TextStyle origin=GET_PROPERTY
                $this: CALL 'public final fun <get-typography> (): androidx.compose.material3.Typography declared in androidx.compose.material3.MaterialTheme' type=androidx.compose.material3.Typography origin=GET_PROPERTY
                  $this: GET_FIELD 'FIELD FIELD_FOR_OBJECT_INSTANCE name:INSTANCE type:androidx.compose.material3.MaterialTheme visibility:public [final,static]' type=androidx.compose.material3.MaterialTheme origin=null
              $mask0: CONST Int type=kotlin.Int value=65534
              $handler: CONST Null type=kotlin.Any? value=null
            CALL 'public final fun LazyColumn$default (modifier: androidx.compose.ui.Modifier?, state: androidx.compose.foundation.lazy.LazyListState?, contentPadding: androidx.compose.foundation.layout.PaddingValues?, reverseLayout: kotlin.Boolean, verticalArrangement: androidx.compose.foundation.layout.Arrangement.Vertical?, horizontalAlignment: androidx.compose.ui.Alignment.Horizontal?, flingBehavior: androidx.compose.foundation.gestures.FlingBehavior?, userScrollEnabled: kotlin.Boolean, content: @[ExtensionFunctionType] kotlin.Function1<androidx.compose.foundation.lazy.LazyListScope, kotlin.Unit>, $mask0: kotlin.Int, $handler: kotlin.Any?): kotlin.Unit declared in androidx.compose.foundation.lazy.LazyDslKt' type=kotlin.Unit origin=DEFAULT_DISPATCH_CALL
              modifier: COMPOSITE type=androidx.compose.ui.Modifier? origin=DEFAULT_VALUE
                CONST Null type=androidx.compose.ui.Modifier? value=null
              state: COMPOSITE type=androidx.compose.foundation.lazy.LazyListState? origin=DEFAULT_VALUE
                CONST Null type=androidx.compose.foundation.lazy.LazyListState? value=null
              contentPadding: COMPOSITE type=androidx.compose.foundation.layout.PaddingValues? origin=DEFAULT_VALUE
                CONST Null type=androidx.compose.foundation.layout.PaddingValues? value=null
              reverseLayout: COMPOSITE type=kotlin.Boolean origin=DEFAULT_VALUE
                CONST Boolean type=kotlin.Boolean value=false
              verticalArrangement: COMPOSITE type=androidx.compose.foundation.layout.Arrangement.Vertical? origin=DEFAULT_VALUE
                CONST Null type=androidx.compose.foundation.layout.Arrangement.Vertical? value=null
              horizontalAlignment: COMPOSITE type=androidx.compose.ui.Alignment.Horizontal? origin=DEFAULT_VALUE
                CONST Null type=androidx.compose.ui.Alignment.Horizontal? value=null
              flingBehavior: COMPOSITE type=androidx.compose.foundation.gestures.FlingBehavior? origin=DEFAULT_VALUE
                CONST Null type=androidx.compose.foundation.gestures.FlingBehavior? value=null
              userScrollEnabled: COMPOSITE type=kotlin.Boolean origin=DEFAULT_VALUE
                CONST Boolean type=kotlin.Boolean value=false
              content: BLOCK type=@[ExtensionFunctionType] kotlin.Function1<androidx.compose.foundation.lazy.LazyListScope, kotlin.Unit> origin=LAMBDA
                COMPOSITE type=kotlin.Unit origin=null
                CALL 'public final fun <jvm-indy> <T> (dynamicCall: T of kotlin.jvm.internal.<jvm-indy>, bootstrapMethodHandle: kotlin.Any, vararg bootstrapMethodArguments: kotlin.Any): T of kotlin.jvm.internal.<jvm-indy> declared in kotlin.jvm.internal' type=@[ExtensionFunctionType] kotlin.Function1<androidx.compose.foundation.lazy.LazyListScope, kotlin.Unit> origin=null
                  <T>: @[ExtensionFunctionType] kotlin.Function1<androidx.compose.foundation.lazy.LazyListScope, kotlin.Unit>
                  dynamicCall: CALL 'public final fun invoke (p0: dev.martincaux.listing.list.presentation.ListViewState.Success, p1: dev.martincaux.listing.list.presentation.ListViewModel): @[ExtensionFunctionType] kotlin.Function1<androidx.compose.foundation.lazy.LazyListScope, kotlin.Unit> declared in kotlin.jvm.internal.invokeDynamic' type=@[ExtensionFunctionType] kotlin.Function1<androidx.compose.foundation.lazy.LazyListScope, kotlin.Unit> origin=null
                    p0: GET_VAR 'val successViewState: dev.martincaux.listing.list.presentation.ListViewState.Success [val] declared in dev.martincaux.listing.list.presentation.ListScreenKt.ListScreen$lambda$4' type=dev.martincaux.listing.list.presentation.ListViewState.Success origin=null
                    p1: GET_VAR '$viewModel: dev.martincaux.listing.list.presentation.ListViewModel declared in dev.martincaux.listing.list.presentation.ListScreenKt.ListScreen$lambda$4' type=dev.martincaux.listing.list.presentation.ListViewModel origin=null
                  bootstrapMethodHandle: CALL 'public final fun <jvm-method-handle> (tag: kotlin.Int, owner: kotlin.String, name: kotlin.String, descriptor: kotlin.String, isInterface: kotlin.Boolean): kotlin.Any declared in kotlin.jvm.internal' type=kotlin.Any origin=null
                    tag: CONST Int type=kotlin.Int value=6
                    owner: CONST String type=kotlin.String value="java/lang/invoke/LambdaMetafactory"
                    name: CONST String type=kotlin.String value="metafactory"
                    descriptor: CONST String type=kotlin.String value="(Ljava/lang/invoke/MethodHandles$Lookup;Ljava/lang/String;Ljava/lang/invoke/MethodType;Ljava/lang/invoke/MethodType;Ljava/lang/invoke/MethodHandle;Ljava/lang/invoke/MethodType;)Ljava/lang/invoke/CallSite;"
                    isInterface: CONST Boolean type=kotlin.Boolean value=false
                  bootstrapMethodArguments: VARARG type=kotlin.Array<kotlin.Any> varargElementType=kotlin.Any
                    CALL 'public final fun <jvm-original-method-type> (method: kotlin.Any): kotlin.Any declared in kotlin.jvm.internal' type=kotlin.Any origin=null
                      method: RAW_FUNCTION_REFERENCE 'public abstract fun invoke (p1: P1 of kotlin.Function1): R of kotlin.Function1 [operator] declared in kotlin.Function1' type=kotlin.Any
                    RAW_FUNCTION_REFERENCE 'private final fun ListScreen$lambda$4$lambda$3 ($successViewState: dev.martincaux.listing.list.presentation.ListViewState.Success, $viewModel: dev.martincaux.listing.list.presentation.ListViewModel, $this$LazyColumn: androidx.compose.foundation.lazy.LazyListScope): kotlin.Unit? declared in dev.martincaux.listing.list.presentation.ListScreenKt' type=kotlin.Any
                    CALL 'public final fun <jvm-original-method-type> (method: kotlin.Any): kotlin.Any declared in kotlin.jvm.internal' type=kotlin.Any origin=null
                      method: RAW_FUNCTION_REFERENCE 'public abstract fun invoke (p1: androidx.compose.foundation.lazy.LazyListScope): kotlin.Unit? [fake_override,operator] declared in kotlin.jvm.internal.invokeDynamic.<fake>' type=kotlin.Any
              $mask0: CONST Int type=kotlin.Int value=255
              $handler: CONST Null type=kotlin.Any? value=null
        BRANCH
          if: TYPE_OP type=kotlin.Boolean origin=INSTANCEOF typeOperand=dev.martincaux.listing.list.presentation.ListViewState.Error
            GET_VAR 'val tmp0_subject: dev.martincaux.listing.list.presentation.ListViewState [val] declared in dev.martincaux.listing.list.presentation.ListScreenKt.ListScreen$lambda$4' type=dev.martincaux.listing.list.presentation.ListViewState origin=null
          then: BLOCK type=kotlin.Unit origin=null
            VAR name:errorMessage type:kotlin.String [val]
              CALL 'public final fun <get-message> (): kotlin.String declared in dev.martincaux.listing.list.presentation.ListViewState.Error' type=kotlin.String origin=GET_PROPERTY
                $this: BLOCK type=dev.martincaux.listing.list.presentation.ListViewState.Error origin=null
                  VAR IR_TEMPORARY_VARIABLE name:tmp1 type:kotlin.Any? [val]
                    CALL 'private final fun ListScreen$lambda$0 ($viewState$delegate: androidx.compose.runtime.State<dev.martincaux.listing.list.presentation.ListViewState>): dev.martincaux.listing.list.presentation.ListViewState declared in dev.martincaux.listing.list.presentation.ListScreenKt' type=dev.martincaux.listing.list.presentation.ListViewState origin=GET_LOCAL_PROPERTY
                      $viewState$delegate: GET_VAR '$viewState$delegate: androidx.compose.runtime.State<dev.martincaux.listing.list.presentation.ListViewState> declared in dev.martincaux.listing.list.presentation.ListScreenKt.ListScreen$lambda$4' type=androidx.compose.runtime.State<dev.martincaux.listing.list.presentation.ListViewState> origin=null
                  CALL 'public final fun checkNotNull (object: kotlin.Any?, message: kotlin.String): kotlin.Unit declared in kotlin.jvm.internal.Intrinsics' type=kotlin.Unit origin=null
                    object: GET_VAR 'val tmp1: kotlin.Any? [val] declared in dev.martincaux.listing.list.presentation.ListScreenKt.ListScreen$lambda$4' type=kotlin.Any? origin=null
                    message: CONST String type=kotlin.String value="null cannot be cast to non-null type dev.martincaux.listing.list.presentation.ListViewState.Error"
                  TYPE_OP type=dev.martincaux.listing.list.presentation.ListViewState.Error? origin=CAST typeOperand=dev.martincaux.listing.list.presentation.ListViewState.Error?
                    GET_VAR 'val tmp1: kotlin.Any? [val] declared in dev.martincaux.listing.list.presentation.ListScreenKt.ListScreen$lambda$4' type=kotlin.Any? origin=null
            CALL 'public final fun Text-80ic1_w$default (text: kotlin.String, modifier: androidx.compose.ui.Modifier?, color: androidx.compose.ui.graphics.Color, fontSize: androidx.compose.ui.unit.TextUnit, fontStyle: androidx.compose.ui.text.font.FontStyle?, fontWeight: androidx.compose.ui.text.font.FontWeight?, fontFamily: androidx.compose.ui.text.font.FontFamily?, letterSpacing: androidx.compose.ui.unit.TextUnit, textDecoration: androidx.compose.ui.text.style.TextDecoration?, textAlign: androidx.compose.ui.text.style.TextAlign?, lineHeight: androidx.compose.ui.unit.TextUnit, overflow: androidx.compose.ui.text.style.TextOverflow, softWrap: kotlin.Boolean, maxLines: kotlin.Int, minLines: kotlin.Int, onTextLayout: kotlin.Function1<androidx.compose.ui.text.TextLayoutResult, kotlin.Unit>?, style: androidx.compose.ui.text.TextStyle?, $mask0: kotlin.Int, $handler: kotlin.Any?): kotlin.Unit declared in androidx.compose.material3.TextKt' type=kotlin.Unit origin=DEFAULT_DISPATCH_CALL
              text: STRING_CONCATENATION type=kotlin.String
                CONST String type=kotlin.String value="Error: "
                GET_VAR 'val errorMessage: kotlin.String [val] declared in dev.martincaux.listing.list.presentation.ListScreenKt.ListScreen$lambda$4' type=kotlin.String origin=null
              modifier: CALL 'public final fun padding-3ABfNKs (all: androidx.compose.ui.unit.Dp): androidx.compose.ui.Modifier declared in androidx.compose.foundation.layout.PaddingKt' type=androidx.compose.ui.Modifier origin=null
                $receiver: GET_FIELD 'FIELD FIELD_FOR_OBJECT_INSTANCE name:Companion type:androidx.compose.ui.Modifier.Companion visibility:public [final,static]' type=androidx.compose.ui.Modifier.Companion origin=null
                all: CALL 'public final fun <get-dp> (): androidx.compose.ui.unit.Dp [inline] declared in androidx.compose.ui.unit.DpKt' type=androidx.compose.ui.unit.Dp origin=GET_PROPERTY
                  $receiver: CONST Int type=kotlin.Int value=16
              color: COMPOSITE type=androidx.compose.ui.graphics.Color origin=DEFAULT_VALUE
                CALL 'public final fun <unsafe-coerce> <T, R> (v: T of kotlin.jvm.internal.<unsafe-coerce>): R of kotlin.jvm.internal.<unsafe-coerce> declared in kotlin.jvm.internal' type=androidx.compose.ui.graphics.Color origin=null
                  <T>: kotlin.Long
                  <R>: androidx.compose.ui.graphics.Color
                  v: CONST Long type=kotlin.Long value=0
              fontSize: COMPOSITE type=androidx.compose.ui.unit.TextUnit origin=DEFAULT_VALUE
                CALL 'public final fun <unsafe-coerce> <T, R> (v: T of kotlin.jvm.internal.<unsafe-coerce>): R of kotlin.jvm.internal.<unsafe-coerce> declared in kotlin.jvm.internal' type=androidx.compose.ui.unit.TextUnit origin=null
                  <T>: kotlin.Long
                  <R>: androidx.compose.ui.unit.TextUnit
                  v: CONST Long type=kotlin.Long value=0
              fontStyle: COMPOSITE type=androidx.compose.ui.text.font.FontStyle? origin=DEFAULT_VALUE
                CONST Null type=androidx.compose.ui.text.font.FontStyle? value=null
              fontWeight: COMPOSITE type=androidx.compose.ui.text.font.FontWeight? origin=DEFAULT_VALUE
                CONST Null type=androidx.compose.ui.text.font.FontWeight? value=null
              fontFamily: COMPOSITE type=androidx.compose.ui.text.font.FontFamily? origin=DEFAULT_VALUE
                CONST Null type=androidx.compose.ui.text.font.FontFamily? value=null
              letterSpacing: COMPOSITE type=androidx.compose.ui.unit.TextUnit origin=DEFAULT_VALUE
                CALL 'public final fun <unsafe-coerce> <T, R> (v: T of kotlin.jvm.internal.<unsafe-coerce>): R of kotlin.jvm.internal.<unsafe-coerce> declared in kotlin.jvm.internal' type=androidx.compose.ui.unit.TextUnit origin=null
                  <T>: kotlin.Long
                  <R>: androidx.compose.ui.unit.TextUnit
                  v: CONST Long type=kotlin.Long value=0
              textDecoration: COMPOSITE type=androidx.compose.ui.text.style.TextDecoration? origin=DEFAULT_VALUE
                CONST Null type=androidx.compose.ui.text.style.TextDecoration? value=null
              textAlign: COMPOSITE type=androidx.compose.ui.text.style.TextAlign? origin=DEFAULT_VALUE
                CONST Null type=androidx.compose.ui.text.style.TextAlign? value=null
              lineHeight: COMPOSITE type=androidx.compose.ui.unit.TextUnit origin=DEFAULT_VALUE
                CALL 'public final fun <unsafe-coerce> <T, R> (v: T of kotlin.jvm.internal.<unsafe-coerce>): R of kotlin.jvm.internal.<unsafe-coerce> declared in kotlin.jvm.internal' type=androidx.compose.ui.unit.TextUnit origin=null
                  <T>: kotlin.Long
                  <R>: androidx.compose.ui.unit.TextUnit
                  v: CONST Long type=kotlin.Long value=0
              overflow: COMPOSITE type=androidx.compose.ui.text.style.TextOverflow origin=DEFAULT_VALUE
                CALL 'public final fun <unsafe-coerce> <T, R> (v: T of kotlin.jvm.internal.<unsafe-coerce>): R of kotlin.jvm.internal.<unsafe-coerce> declared in kotlin.jvm.internal' type=androidx.compose.ui.text.style.TextOverflow origin=null
                  <T>: kotlin.Int
                  <R>: androidx.compose.ui.text.style.TextOverflow
                  v: CONST Int type=kotlin.Int value=0
              softWrap: COMPOSITE type=kotlin.Boolean origin=DEFAULT_VALUE
                CONST Boolean type=kotlin.Boolean value=false
              maxLines: COMPOSITE type=kotlin.Int origin=DEFAULT_VALUE
                CONST Int type=kotlin.Int value=0
              minLines: COMPOSITE type=kotlin.Int origin=DEFAULT_VALUE
                CONST Int type=kotlin.Int value=0
              onTextLayout: COMPOSITE type=kotlin.Function1<androidx.compose.ui.text.TextLayoutResult, kotlin.Unit>? origin=DEFAULT_VALUE
                CONST Null type=kotlin.Function1<androidx.compose.ui.text.TextLayoutResult, kotlin.Unit>? value=null
              style: COMPOSITE type=androidx.compose.ui.text.TextStyle? origin=DEFAULT_VALUE
                CONST Null type=androidx.compose.ui.text.TextStyle? value=null
              $mask0: CONST Int type=kotlin.Int value=131068
              $handler: CONST Null type=kotlin.Any? value=null
        BRANCH
          if: CONST Boolean type=kotlin.Boolean value=true
          then: BLOCK type=kotlin.Nothing origin=null
            CALL 'public final fun noWhenBranchMatchedException (): kotlin.Nothing declared in kotlin.internal.ir' type=kotlin.Nothing origin=null
            CALL 'public final fun throwKotlinNothingValueException (): kotlin.Nothing declared in kotlin.jvm.internal.Intrinsics' type=kotlin.Nothing origin=null

	at org.jetbrains.kotlin.backend.jvm.codegen.FunctionCodegen.generate(FunctionCodegen.kt:50)
	at org.jetbrains.kotlin.backend.jvm.codegen.IrSourceCompilerForInline.generateLambdaBody(IrSourceCompilerForInline.kt:67)
	at org.jetbrains.kotlin.codegen.inline.ExpressionLambda.generateLambdaBody(LambdaInfo.kt:72)
	at org.jetbrains.kotlin.backend.jvm.codegen.IrInlineCodegen.genValueAndPut(IrInlineCodegen.kt:99)
	at org.jetbrains.kotlin.backend.jvm.codegen.ExpressionCodegen.visitCall$handleParameter(ExpressionCodegen.kt:610)
	at org.jetbrains.kotlin.backend.jvm.codegen.ExpressionCodegen.visitCall(ExpressionCodegen.kt:638)
	at org.jetbrains.kotlin.backend.jvm.codegen.ExpressionCodegen.visitCall(ExpressionCodegen.kt:137)
	at org.jetbrains.kotlin.ir.expressions.IrCall.accept(IrCall.kt:24)
	at org.jetbrains.kotlin.backend.jvm.codegen.ExpressionCodegen.visitStatementContainer(ExpressionCodegen.kt:573)
	at org.jetbrains.kotlin.backend.jvm.codegen.ExpressionCodegen.visitBlockBody(ExpressionCodegen.kt:578)
	at org.jetbrains.kotlin.backend.jvm.codegen.ExpressionCodegen.visitBlockBody(ExpressionCodegen.kt:137)
	at org.jetbrains.kotlin.ir.expressions.IrBlockBody.accept(IrBlockBody.kt:20)
	at org.jetbrains.kotlin.backend.jvm.codegen.ExpressionCodegen.generate(ExpressionCodegen.kt:239)
	at org.jetbrains.kotlin.backend.jvm.codegen.FunctionCodegen.doGenerate(FunctionCodegen.kt:121)
	at org.jetbrains.kotlin.backend.jvm.codegen.FunctionCodegen.generate(FunctionCodegen.kt:46)
	... 53 more
Caused by: org.jetbrains.kotlin.codegen.CompilationException: Back-end (JVM) Internal error: Couldn't inline method call: CALL 'public final fun Box$default (modifier: androidx.compose.ui.Modifier?, contentAlignment: androidx.compose.ui.Alignment?, propagateMinConstraints: kotlin.Boolean, content: @[Composable] @[ExtensionFunctionType] kotlin.Function1<androidx.compose.foundation.layout.BoxScope, kotlin.Unit>, $mask0: kotlin.Int, $handler: kotlin.Any?): kotlin.Unit [inline] declared in androidx.compose.foundation.layout.BoxKt' type=kotlin.Unit origin=DEFAULT_DISPATCH_CALL
Method: null
File is unknown
The root cause java.lang.IllegalStateException was thrown at: org.jetbrains.kotlin.codegen.inline.SourceCompilerForInlineKt.getMethodNode(SourceCompilerForInline.kt:118)
	at org.jetbrains.kotlin.codegen.inline.InlineCodegen.performInline(InlineCodegen.kt:65)
	at org.jetbrains.kotlin.backend.jvm.codegen.IrInlineCodegen.genInlineCall(IrInlineCodegen.kt:162)
	at org.jetbrains.kotlin.backend.jvm.codegen.IrInlineCallGenerator.genCall(IrInlineCallGenerator.kt:36)
	at org.jetbrains.kotlin.backend.jvm.codegen.ExpressionCodegen.visitCall(ExpressionCodegen.kt:647)
	at org.jetbrains.kotlin.backend.jvm.codegen.ExpressionCodegen.visitCall(ExpressionCodegen.kt:137)
	at org.jetbrains.kotlin.ir.expressions.IrCall.accept(IrCall.kt:24)
	at org.jetbrains.kotlin.backend.jvm.codegen.ExpressionCodegen.visitStatementContainer(ExpressionCodegen.kt:573)
	at org.jetbrains.kotlin.backend.jvm.codegen.ExpressionCodegen.visitContainerExpression(ExpressionCodegen.kt:587)
	at org.jetbrains.kotlin.backend.jvm.codegen.ExpressionCodegen.visitContainerExpression(ExpressionCodegen.kt:137)
	at org.jetbrains.kotlin.ir.visitors.IrElementVisitor$DefaultImpls.visitBlock(IrElementVisitor.kt:122)
	at org.jetbrains.kotlin.backend.jvm.codegen.ExpressionCodegen.visitBlock(ExpressionCodegen.kt:407)
	at org.jetbrains.kotlin.backend.jvm.codegen.ExpressionCodegen.visitBlock(ExpressionCodegen.kt:137)
	at org.jetbrains.kotlin.ir.expressions.IrBlock.accept(IrBlock.kt:18)
	at org.jetbrains.kotlin.backend.jvm.codegen.ExpressionCodegen.visitWhen(ExpressionCodegen.kt:1095)
	at org.jetbrains.kotlin.backend.jvm.codegen.ExpressionCodegen.visitWhen(ExpressionCodegen.kt:137)
	at org.jetbrains.kotlin.ir.expressions.IrWhen.accept(IrWhen.kt:24)
	at org.jetbrains.kotlin.backend.jvm.codegen.ExpressionCodegen.visitStatementContainer(ExpressionCodegen.kt:573)
	at org.jetbrains.kotlin.backend.jvm.codegen.ExpressionCodegen.visitContainerExpression(ExpressionCodegen.kt:587)
	at org.jetbrains.kotlin.backend.jvm.codegen.ExpressionCodegen.visitContainerExpression(ExpressionCodegen.kt:137)
	at org.jetbrains.kotlin.ir.visitors.IrElementVisitor$DefaultImpls.visitBlock(IrElementVisitor.kt:122)
	at org.jetbrains.kotlin.backend.jvm.codegen.ExpressionCodegen.visitBlock(ExpressionCodegen.kt:407)
	at org.jetbrains.kotlin.backend.jvm.codegen.ExpressionCodegen.visitBlock(ExpressionCodegen.kt:137)
	at org.jetbrains.kotlin.ir.expressions.IrBlock.accept(IrBlock.kt:18)
	at org.jetbrains.kotlin.backend.jvm.codegen.ExpressionCodegen.visitStatementContainer(ExpressionCodegen.kt:573)
	at org.jetbrains.kotlin.backend.jvm.codegen.ExpressionCodegen.visitBlockBody(ExpressionCodegen.kt:578)
	at org.jetbrains.kotlin.backend.jvm.codegen.ExpressionCodegen.visitBlockBody(ExpressionCodegen.kt:137)
	at org.jetbrains.kotlin.ir.expressions.IrBlockBody.accept(IrBlockBody.kt:20)
	at org.jetbrains.kotlin.backend.jvm.codegen.ExpressionCodegen.generate(ExpressionCodegen.kt:239)
	at org.jetbrains.kotlin.backend.jvm.codegen.FunctionCodegen.doGenerate(FunctionCodegen.kt:121)
	at org.jetbrains.kotlin.backend.jvm.codegen.FunctionCodegen.generate(FunctionCodegen.kt:46)
	... 67 more
Caused by: java.lang.IllegalStateException: couldn't find inline method Landroidx/compose/foundation/layout/BoxKt;.Box$default(Landroidx/compose/ui/Modifier;Landroidx/compose/ui/Alignment;ZLkotlin/jvm/functions/Function1;ILjava/lang/Object;)V
	at org.jetbrains.kotlin.codegen.inline.SourceCompilerForInlineKt.getMethodNode(SourceCompilerForInline.kt:118)
	at org.jetbrains.kotlin.codegen.inline.SourceCompilerForInlineKt.loadCompiledInlineFunction(SourceCompilerForInline.kt:96)
	at org.jetbrains.kotlin.backend.jvm.codegen.IrSourceCompilerForInline.compileInlineFunction(IrSourceCompilerForInline.kt:91)
	at org.jetbrains.kotlin.codegen.inline.InlineCodegen.compileInline(InlineCodegen.kt:43)
	at org.jetbrains.kotlin.codegen.inline.InlineCodegen.performInline(InlineCodegen.kt:51)
	... 96 more


